The system is: Linux - 3.10.0-1127.el7.x86_64 - x86_64
Compiling the CXX compiler identification source file "CMakeCXXCompilerId.cpp" succeeded.
Compiler: /dssg/home/cln04/01.software/miniconda3/bin/x86_64-conda-linux-gnu-c++ 
Build flags: -fvisibility-inlines-hidden;-fmessage-length=0;-march=nocona;-mtune=haswell;-ftree-vectorize;-fPIC;-fstack-protector-strong;-fno-plt;-O2;-ffunction-sections;-pipe;-isystem;/dssg/home/cln04/01.software/miniconda3/include
Id flags:  

The output was:
0


Compilation of the CXX compiler identification source "CMakeCXXCompilerId.cpp" produced "a.out"

The CXX compiler identification is GNU, found in "/dssg/home/cln04/02.scripts/Clion/Polymorphism/Employee/CMakeFiles/3.22.1/CompilerIdCXX/a.out"

Detecting CXX compiler ABI info compiled with the following output:
Change Dir: /dssg/home/cln04/02.scripts/Clion/Polymorphism/Employee/CMakeFiles/CMakeTmp

Run Build Command(s):/usr/bin/gmake -f Makefile cmTC_279ce/fast && gmake[1]: Entering directory `/dssg/home/cln04/02.scripts/Clion/Polymorphism/Employee/CMakeFiles/CMakeTmp'
/usr/bin/gmake  -f CMakeFiles/cmTC_279ce.dir/build.make CMakeFiles/cmTC_279ce.dir/build
gmake[2]: Entering directory `/dssg/home/cln04/02.scripts/Clion/Polymorphism/Employee/CMakeFiles/CMakeTmp'
Building CXX object CMakeFiles/cmTC_279ce.dir/CMakeCXXCompilerABI.cpp.o
/dssg/home/cln04/01.software/miniconda3/bin/x86_64-conda-linux-gnu-c++   -fvisibility-inlines-hidden -fmessage-length=0 -march=nocona -mtune=haswell -ftree-vectorize -fPIC -fstack-protector-strong -fno-plt -O2 -ffunction-sections -pipe -isystem /dssg/home/cln04/01.software/miniconda3/include    -v -o CMakeFiles/cmTC_279ce.dir/CMakeCXXCompilerABI.cpp.o -c /dssg/home/cln04/01.software/miniconda3/envs/mygcc/share/cmake-3.22/Modules/CMakeCXXCompilerABI.cpp
Reading specs from /dssg/home/cln04/01.software/miniconda3/bin/../lib/gcc/x86_64-conda-linux-gnu/12.2.0/specs
could not find specs file conda.specs
COLLECT_GCC=/dssg/home/cln04/01.software/miniconda3/bin/x86_64-conda-linux-gnu-c++
Target: x86_64-conda-linux-gnu
Configured with: ../configure --prefix=/home/conda/feedstock_root/build_artifacts/gcc_compilers_1666516830325/_h_env_placehold_placehold_placehold_placehold_placehold_placehold_placehold_placehold_placehold_placehold_placehold_placehold_placehold_placehold_placehold_placehold_placehold_placeho --with-slibdir=/home/conda/feedstock_root/build_artifacts/gcc_compilers_1666516830325/_h_env_placehold_placehold_placehold_placehold_placehold_placehold_placehold_placehold_placehold_placehold_placehold_placehold_placehold_placehold_placehold_placehold_placehold_placeho/lib --libdir=/home/conda/feedstock_root/build_artifacts/gcc_compilers_1666516830325/_h_env_placehold_placehold_placehold_placehold_placehold_placehold_placehold_placehold_placehold_placehold_placehold_placehold_placehold_placehold_placehold_placehold_placehold_placeho/lib --mandir=/home/conda/feedstock_root/build_artifacts/gcc_compilers_1666516830325/_h_env_placehold_placehold_placehold_placehold_placehold_placehold_placehold_placehold_placehold_placehold_placehold_placehold_placehold_placehold_placehold_placehold_placehold_placeho/man --build=x86_64-conda-linux-gnu --host=x86_64-conda-linux-gnu --target=x86_64-conda-linux-gnu --enable-default-pie --enable-languages=c,c++,fortran,objc,obj-c++ --enable-__cxa_atexit --disable-libmudflap --enable-libgomp --disable-libssp --enable-libquadmath --enable-libquadmath-support --enable-libsanitizer --enable-lto --enable-threads=posix --enable-target-optspace --enable-plugin --enable-gold --disable-nls --disable-bootstrap --disable-multilib --enable-long-long --with-sysroot=/home/conda/feedstock_root/build_artifacts/gcc_compilers_1666516830325/_h_env_placehold_placehold_placehold_placehold_placehold_placehold_placehold_placehold_placehold_placehold_placehold_placehold_placehold_placehold_placehold_placehold_placehold_placeho/x86_64-conda-linux-gnu/sysroot --with-build-sysroot=/home/conda/feedstock_root/build_artifacts/gcc_compilers_1666516830325/_build_env/x86_64-conda-linux-gnu/sysroot --with-gxx-include-dir=/home/conda/feedstock_root/build_artifacts/gcc_compilers_1666516830325/_h_env_placehold_placehold_placehold_placehold_placehold_placehold_placehold_placehold_placehold_placehold_placehold_placehold_placehold_placehold_placehold_placehold_placehold_placeho/x86_64-conda-linux-gnu/include/c++/12.2.0 --with-pkgversion='conda-forge gcc 12.2.0-19' --with-bugurl=https://github.com/conda-forge/ctng-compilers-feedstock/issues/new/choose
Thread model: posix
Supported LTO compression algorithms: zlib
gcc version 12.2.0 (conda-forge gcc 12.2.0-19) 
COLLECT_GCC_OPTIONS='-fvisibility-inlines-hidden' '-fmessage-length=0' '-march=nocona' '-mtune=haswell' '-ftree-vectorize' '-fPIC' '-fstack-protector-strong' '-fno-plt' '-O2' '-ffunction-sections' '-pipe' '-isystem' '/dssg/home/cln04/01.software/miniconda3/include' '-v' '-o' 'CMakeFiles/cmTC_279ce.dir/CMakeCXXCompilerABI.cpp.o' '-c' '-shared-libgcc' '-dumpdir' 'CMakeFiles/cmTC_279ce.dir/'
 /dssg/home/cln04/01.software/miniconda3/bin/../libexec/gcc/x86_64-conda-linux-gnu/12.2.0/cc1plus -quiet -v -iprefix /dssg/home/cln04/01.software/miniconda3/bin/../lib/gcc/x86_64-conda-linux-gnu/12.2.0/ -isysroot /dssg/home/cln04/01.software/miniconda3/bin/../x86_64-conda-linux-gnu/sysroot -D_GNU_SOURCE -isystem /dssg/home/cln04/01.software/miniconda3/include /dssg/home/cln04/01.software/miniconda3/envs/mygcc/share/cmake-3.22/Modules/CMakeCXXCompilerABI.cpp -quiet -dumpdir CMakeFiles/cmTC_279ce.dir/ -dumpbase CMakeCXXCompilerABI.cpp.cpp -dumpbase-ext .cpp -march=nocona -mtune=haswell -O2 -version -fvisibility-inlines-hidden -fmessage-length=0 -ftree-vectorize -fPIC -fstack-protector-strong -fno-plt -ffunction-sections -o - |
 /dssg/home/cln04/01.software/miniconda3/bin/../lib/gcc/x86_64-conda-linux-gnu/12.2.0/../../../../x86_64-conda-linux-gnu/bin/as -v --64 -o CMakeFiles/cmTC_279ce.dir/CMakeCXXCompilerABI.cpp.o
GNU assembler version 2.39 (x86_64-conda-linux-gnu) using BFD version (GNU Binutils) 2.39
GNU C++17 (conda-forge gcc 12.2.0-19) version 12.2.0 (x86_64-conda-linux-gnu)
	compiled by GNU C version 12.2.0, GMP version 6.2.1, MPFR version 4.1.0, MPC version 1.2.1, isl version isl-0.24-GMP

GGC heuristics: --param ggc-min-expand=100 --param ggc-min-heapsize=131072
ignoring duplicate directory "/dssg/home/cln04/01.software/miniconda3/bin/../lib/gcc/../../lib/gcc/x86_64-conda-linux-gnu/12.2.0/include"
ignoring nonexistent directory "/dssg/home/cln04/01.software/miniconda3/bin/../x86_64-conda-linux-gnu/sysroot/usr/local/include"
ignoring duplicate directory "/dssg/home/cln04/01.software/miniconda3/bin/../lib/gcc/../../lib/gcc/x86_64-conda-linux-gnu/12.2.0/include-fixed"
ignoring duplicate directory "/dssg/home/cln04/01.software/miniconda3/bin/../lib/gcc/../../lib/gcc/x86_64-conda-linux-gnu/12.2.0/../../../../x86_64-conda-linux-gnu/include"
#include "..." search starts here:
#include <...> search starts here:
 /dssg/home/cln04/01.software/miniconda3/include
 /dssg/home/cln04/01.software/miniconda3/bin/../lib/gcc/x86_64-conda-linux-gnu/12.2.0/include
 /dssg/home/cln04/01.software/miniconda3/bin/../lib/gcc/x86_64-conda-linux-gnu/12.2.0/include-fixed
 /dssg/home/cln04/01.software/miniconda3/bin/../lib/gcc/x86_64-conda-linux-gnu/12.2.0/../../../../x86_64-conda-linux-gnu/include
 /dssg/home/cln04/01.software/miniconda3/bin/../lib/gcc/../../x86_64-conda-linux-gnu/include/c++/12.2.0
 /dssg/home/cln04/01.software/miniconda3/bin/../lib/gcc/../../x86_64-conda-linux-gnu/include/c++/12.2.0/x86_64-conda-linux-gnu
 /dssg/home/cln04/01.software/miniconda3/bin/../lib/gcc/../../x86_64-conda-linux-gnu/include/c++/12.2.0/backward
 /dssg/home/cln04/01.software/miniconda3/bin/../x86_64-conda-linux-gnu/sysroot/usr/include
End of search list.
GNU C++17 (conda-forge gcc 12.2.0-19) version 12.2.0 (x86_64-conda-linux-gnu)
	compiled by GNU C version 12.2.0, GMP version 6.2.1, MPFR version 4.1.0, MPC version 1.2.1, isl version isl-0.24-GMP

GGC heuristics: --param ggc-min-expand=100 --param ggc-min-heapsize=131072
Compiler executable checksum: fbf67d0d09f5a25e299e94d7fca6d5e5
COMPILER_PATH=/dssg/home/cln04/01.software/miniconda3/bin/../libexec/gcc/x86_64-conda-linux-gnu/12.2.0/:/dssg/home/cln04/01.software/miniconda3/bin/../libexec/gcc/:/dssg/home/cln04/01.software/miniconda3/bin/../lib/gcc/x86_64-conda-linux-gnu/12.2.0/../../../../x86_64-conda-linux-gnu/bin/
LIBRARY_PATH=/dssg/home/cln04/01.software/miniconda3/bin/../lib/gcc/x86_64-conda-linux-gnu/12.2.0/:/dssg/home/cln04/01.software/miniconda3/bin/../lib/gcc/:/dssg/home/cln04/01.software/miniconda3/bin/../lib/gcc/x86_64-conda-linux-gnu/12.2.0/../../../../x86_64-conda-linux-gnu/lib/../lib/:/dssg/home/cln04/01.software/miniconda3/bin/../lib/gcc/x86_64-conda-linux-gnu/12.2.0/../../../../lib/:/dssg/home/cln04/01.software/miniconda3/bin/../x86_64-conda-linux-gnu/sysroot/lib/../lib/:/dssg/home/cln04/01.software/miniconda3/bin/../x86_64-conda-linux-gnu/sysroot/usr/lib/../lib/:/dssg/home/cln04/01.software/miniconda3/bin/../lib/gcc/x86_64-conda-linux-gnu/12.2.0/../../../../x86_64-conda-linux-gnu/lib/:/dssg/home/cln04/01.software/miniconda3/bin/../lib/gcc/x86_64-conda-linux-gnu/12.2.0/../../../:/dssg/home/cln04/01.software/miniconda3/bin/../x86_64-conda-linux-gnu/sysroot/lib/:/dssg/home/cln04/01.software/miniconda3/bin/../x86_64-conda-linux-gnu/sysroot/usr/lib/
COLLECT_GCC_OPTIONS='-fvisibility-inlines-hidden' '-fmessage-length=0' '-march=nocona' '-mtune=haswell' '-ftree-vectorize' '-fPIC' '-fstack-protector-strong' '-fno-plt' '-O2' '-ffunction-sections' '-pipe' '-isystem' '/dssg/home/cln04/01.software/miniconda3/include' '-v' '-o' 'CMakeFiles/cmTC_279ce.dir/CMakeCXXCompilerABI.cpp.o' '-c' '-shared-libgcc' '-dumpdir' 'CMakeFiles/cmTC_279ce.dir/CMakeCXXCompilerABI.cpp.'
Linking CXX executable cmTC_279ce
/dssg/home/cln04/01.software/miniconda3/envs/mygcc/bin/cmake -E cmake_link_script CMakeFiles/cmTC_279ce.dir/link.txt --verbose=1
/dssg/home/cln04/01.software/miniconda3/bin/x86_64-conda-linux-gnu-c++ -fvisibility-inlines-hidden -fmessage-length=0 -march=nocona -mtune=haswell -ftree-vectorize -fPIC -fstack-protector-strong -fno-plt -O2 -ffunction-sections -pipe -isystem /dssg/home/cln04/01.software/miniconda3/include  -Wl,-O2 -Wl,--sort-common -Wl,--as-needed -Wl,-z,relro -Wl,-z,now -Wl,--disable-new-dtags -Wl,--gc-sections -Wl,--allow-shlib-undefined -Wl,-rpath,/dssg/home/cln04/01.software/miniconda3/lib -Wl,-rpath-link,/dssg/home/cln04/01.software/miniconda3/lib -L/dssg/home/cln04/01.software/miniconda3/lib -v CMakeFiles/cmTC_279ce.dir/CMakeCXXCompilerABI.cpp.o -o cmTC_279ce 
Reading specs from /dssg/home/cln04/01.software/miniconda3/bin/../lib/gcc/x86_64-conda-linux-gnu/12.2.0/specs
could not find specs file conda.specs
COLLECT_GCC=/dssg/home/cln04/01.software/miniconda3/bin/x86_64-conda-linux-gnu-c++
COLLECT_LTO_WRAPPER=/dssg/home/cln04/01.software/miniconda3/bin/../libexec/gcc/x86_64-conda-linux-gnu/12.2.0/lto-wrapper
Target: x86_64-conda-linux-gnu
Configured with: ../configure --prefix=/home/conda/feedstock_root/build_artifacts/gcc_compilers_1666516830325/_h_env_placehold_placehold_placehold_placehold_placehold_placehold_placehold_placehold_placehold_placehold_placehold_placehold_placehold_placehold_placehold_placehold_placehold_placeho --with-slibdir=/home/conda/feedstock_root/build_artifacts/gcc_compilers_1666516830325/_h_env_placehold_placehold_placehold_placehold_placehold_placehold_placehold_placehold_placehold_placehold_placehold_placehold_placehold_placehold_placehold_placehold_placehold_placeho/lib --libdir=/home/conda/feedstock_root/build_artifacts/gcc_compilers_1666516830325/_h_env_placehold_placehold_placehold_placehold_placehold_placehold_placehold_placehold_placehold_placehold_placehold_placehold_placehold_placehold_placehold_placehold_placehold_placeho/lib --mandir=/home/conda/feedstock_root/build_artifacts/gcc_compilers_1666516830325/_h_env_placehold_placehold_placehold_placehold_placehold_placehold_placehold_placehold_placehold_placehold_placehold_placehold_placehold_placehold_placehold_placehold_placehold_placeho/man --build=x86_64-conda-linux-gnu --host=x86_64-conda-linux-gnu --target=x86_64-conda-linux-gnu --enable-default-pie --enable-languages=c,c++,fortran,objc,obj-c++ --enable-__cxa_atexit --disable-libmudflap --enable-libgomp --disable-libssp --enable-libquadmath --enable-libquadmath-support --enable-libsanitizer --enable-lto --enable-threads=posix --enable-target-optspace --enable-plugin --enable-gold --disable-nls --disable-bootstrap --disable-multilib --enable-long-long --with-sysroot=/home/conda/feedstock_root/build_artifacts/gcc_compilers_1666516830325/_h_env_placehold_placehold_placehold_placehold_placehold_placehold_placehold_placehold_placehold_placehold_placehold_placehold_placehold_placehold_placehold_placehold_placehold_placeho/x86_64-conda-linux-gnu/sysroot --with-build-sysroot=/home/conda/feedstock_root/build_artifacts/gcc_compilers_1666516830325/_build_env/x86_64-conda-linux-gnu/sysroot --with-gxx-include-dir=/home/conda/feedstock_root/build_artifacts/gcc_compilers_1666516830325/_h_env_placehold_placehold_placehold_placehold_placehold_placehold_placehold_placehold_placehold_placehold_placehold_placehold_placehold_placehold_placehold_placehold_placehold_placeho/x86_64-conda-linux-gnu/include/c++/12.2.0 --with-pkgversion='conda-forge gcc 12.2.0-19' --with-bugurl=https://github.com/conda-forge/ctng-compilers-feedstock/issues/new/choose
Thread model: posix
Supported LTO compression algorithms: zlib
gcc version 12.2.0 (conda-forge gcc 12.2.0-19) 
COMPILER_PATH=/dssg/home/cln04/01.software/miniconda3/bin/../libexec/gcc/x86_64-conda-linux-gnu/12.2.0/:/dssg/home/cln04/01.software/miniconda3/bin/../libexec/gcc/:/dssg/home/cln04/01.software/miniconda3/bin/../lib/gcc/x86_64-conda-linux-gnu/12.2.0/../../../../x86_64-conda-linux-gnu/bin/
LIBRARY_PATH=/dssg/home/cln04/01.software/miniconda3/bin/../lib/gcc/x86_64-conda-linux-gnu/12.2.0/:/dssg/home/cln04/01.software/miniconda3/bin/../lib/gcc/:/dssg/home/cln04/01.software/miniconda3/bin/../lib/gcc/x86_64-conda-linux-gnu/12.2.0/../../../../x86_64-conda-linux-gnu/lib/../lib/:/dssg/home/cln04/01.software/miniconda3/bin/../lib/gcc/x86_64-conda-linux-gnu/12.2.0/../../../../lib/:/dssg/home/cln04/01.software/miniconda3/bin/../x86_64-conda-linux-gnu/sysroot/lib/../lib/:/dssg/home/cln04/01.software/miniconda3/bin/../x86_64-conda-linux-gnu/sysroot/usr/lib/../lib/:/dssg/home/cln04/01.software/miniconda3/bin/../lib/gcc/x86_64-conda-linux-gnu/12.2.0/../../../../x86_64-conda-linux-gnu/lib/:/dssg/home/cln04/01.software/miniconda3/bin/../lib/gcc/x86_64-conda-linux-gnu/12.2.0/../../../:/dssg/home/cln04/01.software/miniconda3/bin/../x86_64-conda-linux-gnu/sysroot/lib/:/dssg/home/cln04/01.software/miniconda3/bin/../x86_64-conda-linux-gnu/sysroot/usr/lib/
COLLECT_GCC_OPTIONS='-fvisibility-inlines-hidden' '-fmessage-length=0' '-march=nocona' '-mtune=haswell' '-ftree-vectorize' '-fPIC' '-fstack-protector-strong' '-fno-plt' '-O2' '-ffunction-sections' '-pipe' '-isystem' '/dssg/home/cln04/01.software/miniconda3/include' '-L/dssg/home/cln04/01.software/miniconda3/lib' '-v' '-o' 'cmTC_279ce' '-shared-libgcc' '-dumpdir' 'cmTC_279ce.'
 /dssg/home/cln04/01.software/miniconda3/bin/../libexec/gcc/x86_64-conda-linux-gnu/12.2.0/collect2 -plugin /dssg/home/cln04/01.software/miniconda3/bin/../libexec/gcc/x86_64-conda-linux-gnu/12.2.0/liblto_plugin.so -plugin-opt=/dssg/home/cln04/01.software/miniconda3/bin/../libexec/gcc/x86_64-conda-linux-gnu/12.2.0/lto-wrapper -plugin-opt=-fresolution=/tmp/ccfTueHj.res -plugin-opt=-pass-through=-lgcc_s -plugin-opt=-pass-through=-lgcc -plugin-opt=-pass-through=-lc -plugin-opt=-pass-through=-lgcc_s -plugin-opt=-pass-through=-lgcc --sysroot=/dssg/home/cln04/01.software/miniconda3/bin/../x86_64-conda-linux-gnu/sysroot --eh-frame-hdr -m elf_x86_64 -dynamic-linker /lib64/ld-linux-x86-64.so.2 -pie -o cmTC_279ce /dssg/home/cln04/01.software/miniconda3/bin/../x86_64-conda-linux-gnu/sysroot/usr/lib/../lib/Scrt1.o /dssg/home/cln04/01.software/miniconda3/bin/../x86_64-conda-linux-gnu/sysroot/usr/lib/../lib/crti.o /dssg/home/cln04/01.software/miniconda3/bin/../lib/gcc/x86_64-conda-linux-gnu/12.2.0/crtbeginS.o -L/dssg/home/cln04/01.software/miniconda3/lib -L/dssg/home/cln04/01.software/miniconda3/bin/../lib/gcc/x86_64-conda-linux-gnu/12.2.0 -L/dssg/home/cln04/01.software/miniconda3/bin/../lib/gcc -L/dssg/home/cln04/01.software/miniconda3/bin/../lib/gcc/x86_64-conda-linux-gnu/12.2.0/../../../../x86_64-conda-linux-gnu/lib/../lib -L/dssg/home/cln04/01.software/miniconda3/bin/../lib/gcc/x86_64-conda-linux-gnu/12.2.0/../../../../lib -L/dssg/home/cln04/01.software/miniconda3/bin/../x86_64-conda-linux-gnu/sysroot/lib/../lib -L/dssg/home/cln04/01.software/miniconda3/bin/../x86_64-conda-linux-gnu/sysroot/usr/lib/../lib -L/dssg/home/cln04/01.software/miniconda3/bin/../lib/gcc/x86_64-conda-linux-gnu/12.2.0/../../../../x86_64-conda-linux-gnu/lib -L/dssg/home/cln04/01.software/miniconda3/bin/../lib/gcc/x86_64-conda-linux-gnu/12.2.0/../../.. -L/dssg/home/cln04/01.software/miniconda3/bin/../x86_64-conda-linux-gnu/sysroot/lib -L/dssg/home/cln04/01.software/miniconda3/bin/../x86_64-conda-linux-gnu/sysroot/usr/lib -O2 --sort-common --as-needed -z relro -z now --disable-new-dtags --gc-sections --allow-shlib-undefined -rpath /dssg/home/cln04/01.software/miniconda3/lib -rpath-link /dssg/home/cln04/01.software/miniconda3/lib CMakeFiles/cmTC_279ce.dir/CMakeCXXCompilerABI.cpp.o -lstdc++ -lm -lgcc_s -lgcc -lc -lgcc_s -lgcc /dssg/home/cln04/01.software/miniconda3/bin/../lib/gcc/x86_64-conda-linux-gnu/12.2.0/crtendS.o /dssg/home/cln04/01.software/miniconda3/bin/../x86_64-conda-linux-gnu/sysroot/usr/lib/../lib/crtn.o -rpath /dssg/home/cln04/01.software/miniconda3/lib
COLLECT_GCC_OPTIONS='-fvisibility-inlines-hidden' '-fmessage-length=0' '-march=nocona' '-mtune=haswell' '-ftree-vectorize' '-fPIC' '-fstack-protector-strong' '-fno-plt' '-O2' '-ffunction-sections' '-pipe' '-isystem' '/dssg/home/cln04/01.software/miniconda3/include' '-L/dssg/home/cln04/01.software/miniconda3/lib' '-v' '-o' 'cmTC_279ce' '-shared-libgcc' '-dumpdir' 'cmTC_279ce.'
gmake[2]: Leaving directory `/dssg/home/cln04/02.scripts/Clion/Polymorphism/Employee/CMakeFiles/CMakeTmp'
gmake[1]: Leaving directory `/dssg/home/cln04/02.scripts/Clion/Polymorphism/Employee/CMakeFiles/CMakeTmp'



Parsed CXX implicit include dir info from above output: rv=done
  found start of include info
  found start of implicit include info
    add: [/dssg/home/cln04/01.software/miniconda3/include]
    add: [/dssg/home/cln04/01.software/miniconda3/bin/../lib/gcc/x86_64-conda-linux-gnu/12.2.0/include]
    add: [/dssg/home/cln04/01.software/miniconda3/bin/../lib/gcc/x86_64-conda-linux-gnu/12.2.0/include-fixed]
    add: [/dssg/home/cln04/01.software/miniconda3/bin/../lib/gcc/x86_64-conda-linux-gnu/12.2.0/../../../../x86_64-conda-linux-gnu/include]
    add: [/dssg/home/cln04/01.software/miniconda3/bin/../lib/gcc/../../x86_64-conda-linux-gnu/include/c++/12.2.0]
    add: [/dssg/home/cln04/01.software/miniconda3/bin/../lib/gcc/../../x86_64-conda-linux-gnu/include/c++/12.2.0/x86_64-conda-linux-gnu]
    add: [/dssg/home/cln04/01.software/miniconda3/bin/../lib/gcc/../../x86_64-conda-linux-gnu/include/c++/12.2.0/backward]
    add: [/dssg/home/cln04/01.software/miniconda3/bin/../x86_64-conda-linux-gnu/sysroot/usr/include]
  end of search list found
  collapse include dir [/dssg/home/cln04/01.software/miniconda3/include] ==> [/dssg/home/cln04/01.software/miniconda3/include]
  collapse include dir [/dssg/home/cln04/01.software/miniconda3/bin/../lib/gcc/x86_64-conda-linux-gnu/12.2.0/include] ==> [/dssg/home/cln04/01.software/miniconda3/lib/gcc/x86_64-conda-linux-gnu/12.2.0/include]
  collapse include dir [/dssg/home/cln04/01.software/miniconda3/bin/../lib/gcc/x86_64-conda-linux-gnu/12.2.0/include-fixed] ==> [/dssg/home/cln04/01.software/miniconda3/lib/gcc/x86_64-conda-linux-gnu/12.2.0/include-fixed]
  collapse include dir [/dssg/home/cln04/01.software/miniconda3/bin/../lib/gcc/x86_64-conda-linux-gnu/12.2.0/../../../../x86_64-conda-linux-gnu/include] ==> [/dssg/home/cln04/01.software/miniconda3/x86_64-conda-linux-gnu/include]
  collapse include dir [/dssg/home/cln04/01.software/miniconda3/bin/../lib/gcc/../../x86_64-conda-linux-gnu/include/c++/12.2.0] ==> [/dssg/home/cln04/01.software/miniconda3/x86_64-conda-linux-gnu/include/c++/12.2.0]
  collapse include dir [/dssg/home/cln04/01.software/miniconda3/bin/../lib/gcc/../../x86_64-conda-linux-gnu/include/c++/12.2.0/x86_64-conda-linux-gnu] ==> [/dssg/home/cln04/01.software/miniconda3/x86_64-conda-linux-gnu/include/c++/12.2.0/x86_64-conda-linux-gnu]
  collapse include dir [/dssg/home/cln04/01.software/miniconda3/bin/../lib/gcc/../../x86_64-conda-linux-gnu/include/c++/12.2.0/backward] ==> [/dssg/home/cln04/01.software/miniconda3/x86_64-conda-linux-gnu/include/c++/12.2.0/backward]
  collapse include dir [/dssg/home/cln04/01.software/miniconda3/bin/../x86_64-conda-linux-gnu/sysroot/usr/include] ==> [/dssg/home/cln04/01.software/miniconda3/x86_64-conda-linux-gnu/sysroot/usr/include]
  implicit include dirs: [/dssg/home/cln04/01.software/miniconda3/include;/dssg/home/cln04/01.software/miniconda3/lib/gcc/x86_64-conda-linux-gnu/12.2.0/include;/dssg/home/cln04/01.software/miniconda3/lib/gcc/x86_64-conda-linux-gnu/12.2.0/include-fixed;/dssg/home/cln04/01.software/miniconda3/x86_64-conda-linux-gnu/include;/dssg/home/cln04/01.software/miniconda3/x86_64-conda-linux-gnu/include/c++/12.2.0;/dssg/home/cln04/01.software/miniconda3/x86_64-conda-linux-gnu/include/c++/12.2.0/x86_64-conda-linux-gnu;/dssg/home/cln04/01.software/miniconda3/x86_64-conda-linux-gnu/include/c++/12.2.0/backward;/dssg/home/cln04/01.software/miniconda3/x86_64-conda-linux-gnu/sysroot/usr/include]


Parsed CXX implicit link information from above output:
  link line regex: [^( *|.*[/\])(x86_64-conda-linux-gnu-ld|CMAKE_LINK_STARTFILE-NOTFOUND|([^/\]+-)?ld|collect2)[^/\]*( |$)]
  ignore line: [Change Dir: /dssg/home/cln04/02.scripts/Clion/Polymorphism/Employee/CMakeFiles/CMakeTmp]
  ignore line: []
  ignore line: [Run Build Command(s):/usr/bin/gmake -f Makefile cmTC_279ce/fast && gmake[1]: Entering directory `/dssg/home/cln04/02.scripts/Clion/Polymorphism/Employee/CMakeFiles/CMakeTmp']
  ignore line: [/usr/bin/gmake  -f CMakeFiles/cmTC_279ce.dir/build.make CMakeFiles/cmTC_279ce.dir/build]
  ignore line: [gmake[2]: Entering directory `/dssg/home/cln04/02.scripts/Clion/Polymorphism/Employee/CMakeFiles/CMakeTmp']
  ignore line: [Building CXX object CMakeFiles/cmTC_279ce.dir/CMakeCXXCompilerABI.cpp.o]
  ignore line: [/dssg/home/cln04/01.software/miniconda3/bin/x86_64-conda-linux-gnu-c++   -fvisibility-inlines-hidden -fmessage-length=0 -march=nocona -mtune=haswell -ftree-vectorize -fPIC -fstack-protector-strong -fno-plt -O2 -ffunction-sections -pipe -isystem /dssg/home/cln04/01.software/miniconda3/include    -v -o CMakeFiles/cmTC_279ce.dir/CMakeCXXCompilerABI.cpp.o -c /dssg/home/cln04/01.software/miniconda3/envs/mygcc/share/cmake-3.22/Modules/CMakeCXXCompilerABI.cpp]
  ignore line: [Reading specs from /dssg/home/cln04/01.software/miniconda3/bin/../lib/gcc/x86_64-conda-linux-gnu/12.2.0/specs]
  ignore line: [could not find specs file conda.specs]
  ignore line: [COLLECT_GCC=/dssg/home/cln04/01.software/miniconda3/bin/x86_64-conda-linux-gnu-c++]
  ignore line: [Target: x86_64-conda-linux-gnu]
  ignore line: [Configured with: ../configure --prefix=/home/conda/feedstock_root/build_artifacts/gcc_compilers_1666516830325/_h_env_placehold_placehold_placehold_placehold_placehold_placehold_placehold_placehold_placehold_placehold_placehold_placehold_placehold_placehold_placehold_placehold_placehold_placeho --with-slibdir=/home/conda/feedstock_root/build_artifacts/gcc_compilers_1666516830325/_h_env_placehold_placehold_placehold_placehold_placehold_placehold_placehold_placehold_placehold_placehold_placehold_placehold_placehold_placehold_placehold_placehold_placehold_placeho/lib --libdir=/home/conda/feedstock_root/build_artifacts/gcc_compilers_1666516830325/_h_env_placehold_placehold_placehold_placehold_placehold_placehold_placehold_placehold_placehold_placehold_placehold_placehold_placehold_placehold_placehold_placehold_placehold_placeho/lib --mandir=/home/conda/feedstock_root/build_artifacts/gcc_compilers_1666516830325/_h_env_placehold_placehold_placehold_placehold_placehold_placehold_placehold_placehold_placehold_placehold_placehold_placehold_placehold_placehold_placehold_placehold_placehold_placeho/man --build=x86_64-conda-linux-gnu --host=x86_64-conda-linux-gnu --target=x86_64-conda-linux-gnu --enable-default-pie --enable-languages=c c++ fortran objc obj-c++ --enable-__cxa_atexit --disable-libmudflap --enable-libgomp --disable-libssp --enable-libquadmath --enable-libquadmath-support --enable-libsanitizer --enable-lto --enable-threads=posix --enable-target-optspace --enable-plugin --enable-gold --disable-nls --disable-bootstrap --disable-multilib --enable-long-long --with-sysroot=/home/conda/feedstock_root/build_artifacts/gcc_compilers_1666516830325/_h_env_placehold_placehold_placehold_placehold_placehold_placehold_placehold_placehold_placehold_placehold_placehold_placehold_placehold_placehold_placehold_placehold_placehold_placeho/x86_64-conda-linux-gnu/sysroot --with-build-sysroot=/home/conda/feedstock_root/build_artifacts/gcc_compilers_1666516830325/_build_env/x86_64-conda-linux-gnu/sysroot --with-gxx-include-dir=/home/conda/feedstock_root/build_artifacts/gcc_compilers_1666516830325/_h_env_placehold_placehold_placehold_placehold_placehold_placehold_placehold_placehold_placehold_placehold_placehold_placehold_placehold_placehold_placehold_placehold_placehold_placeho/x86_64-conda-linux-gnu/include/c++/12.2.0 --with-pkgversion='conda-forge gcc 12.2.0-19' --with-bugurl=https://github.com/conda-forge/ctng-compilers-feedstock/issues/new/choose]
  ignore line: [Thread model: posix]
  ignore line: [Supported LTO compression algorithms: zlib]
  ignore line: [gcc version 12.2.0 (conda-forge gcc 12.2.0-19) ]
  ignore line: [COLLECT_GCC_OPTIONS='-fvisibility-inlines-hidden' '-fmessage-length=0' '-march=nocona' '-mtune=haswell' '-ftree-vectorize' '-fPIC' '-fstack-protector-strong' '-fno-plt' '-O2' '-ffunction-sections' '-pipe' '-isystem' '/dssg/home/cln04/01.software/miniconda3/include' '-v' '-o' 'CMakeFiles/cmTC_279ce.dir/CMakeCXXCompilerABI.cpp.o' '-c' '-shared-libgcc' '-dumpdir' 'CMakeFiles/cmTC_279ce.dir/']
  ignore line: [ /dssg/home/cln04/01.software/miniconda3/bin/../libexec/gcc/x86_64-conda-linux-gnu/12.2.0/cc1plus -quiet -v -iprefix /dssg/home/cln04/01.software/miniconda3/bin/../lib/gcc/x86_64-conda-linux-gnu/12.2.0/ -isysroot /dssg/home/cln04/01.software/miniconda3/bin/../x86_64-conda-linux-gnu/sysroot -D_GNU_SOURCE -isystem /dssg/home/cln04/01.software/miniconda3/include /dssg/home/cln04/01.software/miniconda3/envs/mygcc/share/cmake-3.22/Modules/CMakeCXXCompilerABI.cpp -quiet -dumpdir CMakeFiles/cmTC_279ce.dir/ -dumpbase CMakeCXXCompilerABI.cpp.cpp -dumpbase-ext .cpp -march=nocona -mtune=haswell -O2 -version -fvisibility-inlines-hidden -fmessage-length=0 -ftree-vectorize -fPIC -fstack-protector-strong -fno-plt -ffunction-sections -o - |]
  ignore line: [ /dssg/home/cln04/01.software/miniconda3/bin/../lib/gcc/x86_64-conda-linux-gnu/12.2.0/../../../../x86_64-conda-linux-gnu/bin/as -v --64 -o CMakeFiles/cmTC_279ce.dir/CMakeCXXCompilerABI.cpp.o]
  ignore line: [GNU assembler version 2.39 (x86_64-conda-linux-gnu) using BFD version (GNU Binutils) 2.39]
  ignore line: [GNU C++17 (conda-forge gcc 12.2.0-19) version 12.2.0 (x86_64-conda-linux-gnu)]
  ignore line: [	compiled by GNU C version 12.2.0  GMP version 6.2.1  MPFR version 4.1.0  MPC version 1.2.1  isl version isl-0.24-GMP]
  ignore line: []
  ignore line: [GGC heuristics: --param ggc-min-expand=100 --param ggc-min-heapsize=131072]
  ignore line: [ignoring duplicate directory "/dssg/home/cln04/01.software/miniconda3/bin/../lib/gcc/../../lib/gcc/x86_64-conda-linux-gnu/12.2.0/include"]
  ignore line: [ignoring nonexistent directory "/dssg/home/cln04/01.software/miniconda3/bin/../x86_64-conda-linux-gnu/sysroot/usr/local/include"]
  ignore line: [ignoring duplicate directory "/dssg/home/cln04/01.software/miniconda3/bin/../lib/gcc/../../lib/gcc/x86_64-conda-linux-gnu/12.2.0/include-fixed"]
  ignore line: [ignoring duplicate directory "/dssg/home/cln04/01.software/miniconda3/bin/../lib/gcc/../../lib/gcc/x86_64-conda-linux-gnu/12.2.0/../../../../x86_64-conda-linux-gnu/include"]
  ignore line: [#include "..." search starts here:]
  ignore line: [#include <...> search starts here:]
  ignore line: [ /dssg/home/cln04/01.software/miniconda3/include]
  ignore line: [ /dssg/home/cln04/01.software/miniconda3/bin/../lib/gcc/x86_64-conda-linux-gnu/12.2.0/include]
  ignore line: [ /dssg/home/cln04/01.software/miniconda3/bin/../lib/gcc/x86_64-conda-linux-gnu/12.2.0/include-fixed]
  ignore line: [ /dssg/home/cln04/01.software/miniconda3/bin/../lib/gcc/x86_64-conda-linux-gnu/12.2.0/../../../../x86_64-conda-linux-gnu/include]
  ignore line: [ /dssg/home/cln04/01.software/miniconda3/bin/../lib/gcc/../../x86_64-conda-linux-gnu/include/c++/12.2.0]
  ignore line: [ /dssg/home/cln04/01.software/miniconda3/bin/../lib/gcc/../../x86_64-conda-linux-gnu/include/c++/12.2.0/x86_64-conda-linux-gnu]
  ignore line: [ /dssg/home/cln04/01.software/miniconda3/bin/../lib/gcc/../../x86_64-conda-linux-gnu/include/c++/12.2.0/backward]
  ignore line: [ /dssg/home/cln04/01.software/miniconda3/bin/../x86_64-conda-linux-gnu/sysroot/usr/include]
  ignore line: [End of search list.]
  ignore line: [GNU C++17 (conda-forge gcc 12.2.0-19) version 12.2.0 (x86_64-conda-linux-gnu)]
  ignore line: [	compiled by GNU C version 12.2.0  GMP version 6.2.1  MPFR version 4.1.0  MPC version 1.2.1  isl version isl-0.24-GMP]
  ignore line: []
  ignore line: [GGC heuristics: --param ggc-min-expand=100 --param ggc-min-heapsize=131072]
  ignore line: [Compiler executable checksum: fbf67d0d09f5a25e299e94d7fca6d5e5]
  ignore line: [COMPILER_PATH=/dssg/home/cln04/01.software/miniconda3/bin/../libexec/gcc/x86_64-conda-linux-gnu/12.2.0/:/dssg/home/cln04/01.software/miniconda3/bin/../libexec/gcc/:/dssg/home/cln04/01.software/miniconda3/bin/../lib/gcc/x86_64-conda-linux-gnu/12.2.0/../../../../x86_64-conda-linux-gnu/bin/]
  ignore line: [LIBRARY_PATH=/dssg/home/cln04/01.software/miniconda3/bin/../lib/gcc/x86_64-conda-linux-gnu/12.2.0/:/dssg/home/cln04/01.software/miniconda3/bin/../lib/gcc/:/dssg/home/cln04/01.software/miniconda3/bin/../lib/gcc/x86_64-conda-linux-gnu/12.2.0/../../../../x86_64-conda-linux-gnu/lib/../lib/:/dssg/home/cln04/01.software/miniconda3/bin/../lib/gcc/x86_64-conda-linux-gnu/12.2.0/../../../../lib/:/dssg/home/cln04/01.software/miniconda3/bin/../x86_64-conda-linux-gnu/sysroot/lib/../lib/:/dssg/home/cln04/01.software/miniconda3/bin/../x86_64-conda-linux-gnu/sysroot/usr/lib/../lib/:/dssg/home/cln04/01.software/miniconda3/bin/../lib/gcc/x86_64-conda-linux-gnu/12.2.0/../../../../x86_64-conda-linux-gnu/lib/:/dssg/home/cln04/01.software/miniconda3/bin/../lib/gcc/x86_64-conda-linux-gnu/12.2.0/../../../:/dssg/home/cln04/01.software/miniconda3/bin/../x86_64-conda-linux-gnu/sysroot/lib/:/dssg/home/cln04/01.software/miniconda3/bin/../x86_64-conda-linux-gnu/sysroot/usr/lib/]
  ignore line: [COLLECT_GCC_OPTIONS='-fvisibility-inlines-hidden' '-fmessage-length=0' '-march=nocona' '-mtune=haswell' '-ftree-vectorize' '-fPIC' '-fstack-protector-strong' '-fno-plt' '-O2' '-ffunction-sections' '-pipe' '-isystem' '/dssg/home/cln04/01.software/miniconda3/include' '-v' '-o' 'CMakeFiles/cmTC_279ce.dir/CMakeCXXCompilerABI.cpp.o' '-c' '-shared-libgcc' '-dumpdir' 'CMakeFiles/cmTC_279ce.dir/CMakeCXXCompilerABI.cpp.']
  ignore line: [Linking CXX executable cmTC_279ce]
  ignore line: [/dssg/home/cln04/01.software/miniconda3/envs/mygcc/bin/cmake -E cmake_link_script CMakeFiles/cmTC_279ce.dir/link.txt --verbose=1]
  ignore line: [/dssg/home/cln04/01.software/miniconda3/bin/x86_64-conda-linux-gnu-c++ -fvisibility-inlines-hidden -fmessage-length=0 -march=nocona -mtune=haswell -ftree-vectorize -fPIC -fstack-protector-strong -fno-plt -O2 -ffunction-sections -pipe -isystem /dssg/home/cln04/01.software/miniconda3/include  -Wl -O2 -Wl --sort-common -Wl --as-needed -Wl -z relro -Wl -z now -Wl --disable-new-dtags -Wl --gc-sections -Wl --allow-shlib-undefined -Wl -rpath /dssg/home/cln04/01.software/miniconda3/lib -Wl -rpath-link /dssg/home/cln04/01.software/miniconda3/lib -L/dssg/home/cln04/01.software/miniconda3/lib -v CMakeFiles/cmTC_279ce.dir/CMakeCXXCompilerABI.cpp.o -o cmTC_279ce ]
  ignore line: [Reading specs from /dssg/home/cln04/01.software/miniconda3/bin/../lib/gcc/x86_64-conda-linux-gnu/12.2.0/specs]
  ignore line: [could not find specs file conda.specs]
  ignore line: [COLLECT_GCC=/dssg/home/cln04/01.software/miniconda3/bin/x86_64-conda-linux-gnu-c++]
  ignore line: [COLLECT_LTO_WRAPPER=/dssg/home/cln04/01.software/miniconda3/bin/../libexec/gcc/x86_64-conda-linux-gnu/12.2.0/lto-wrapper]
  ignore line: [Target: x86_64-conda-linux-gnu]
  ignore line: [Configured with: ../configure --prefix=/home/conda/feedstock_root/build_artifacts/gcc_compilers_1666516830325/_h_env_placehold_placehold_placehold_placehold_placehold_placehold_placehold_placehold_placehold_placehold_placehold_placehold_placehold_placehold_placehold_placehold_placehold_placeho --with-slibdir=/home/conda/feedstock_root/build_artifacts/gcc_compilers_1666516830325/_h_env_placehold_placehold_placehold_placehold_placehold_placehold_placehold_placehold_placehold_placehold_placehold_placehold_placehold_placehold_placehold_placehold_placehold_placeho/lib --libdir=/home/conda/feedstock_root/build_artifacts/gcc_compilers_1666516830325/_h_env_placehold_placehold_placehold_placehold_placehold_placehold_placehold_placehold_placehold_placehold_placehold_placehold_placehold_placehold_placehold_placehold_placehold_placeho/lib --mandir=/home/conda/feedstock_root/build_artifacts/gcc_compilers_1666516830325/_h_env_placehold_placehold_placehold_placehold_placehold_placehold_placehold_placehold_placehold_placehold_placehold_placehold_placehold_placehold_placehold_placehold_placehold_placeho/man --build=x86_64-conda-linux-gnu --host=x86_64-conda-linux-gnu --target=x86_64-conda-linux-gnu --enable-default-pie --enable-languages=c c++ fortran objc obj-c++ --enable-__cxa_atexit --disable-libmudflap --enable-libgomp --disable-libssp --enable-libquadmath --enable-libquadmath-support --enable-libsanitizer --enable-lto --enable-threads=posix --enable-target-optspace --enable-plugin --enable-gold --disable-nls --disable-bootstrap --disable-multilib --enable-long-long --with-sysroot=/home/conda/feedstock_root/build_artifacts/gcc_compilers_1666516830325/_h_env_placehold_placehold_placehold_placehold_placehold_placehold_placehold_placehold_placehold_placehold_placehold_placehold_placehold_placehold_placehold_placehold_placehold_placeho/x86_64-conda-linux-gnu/sysroot --with-build-sysroot=/home/conda/feedstock_root/build_artifacts/gcc_compilers_1666516830325/_build_env/x86_64-conda-linux-gnu/sysroot --with-gxx-include-dir=/home/conda/feedstock_root/build_artifacts/gcc_compilers_1666516830325/_h_env_placehold_placehold_placehold_placehold_placehold_placehold_placehold_placehold_placehold_placehold_placehold_placehold_placehold_placehold_placehold_placehold_placehold_placeho/x86_64-conda-linux-gnu/include/c++/12.2.0 --with-pkgversion='conda-forge gcc 12.2.0-19' --with-bugurl=https://github.com/conda-forge/ctng-compilers-feedstock/issues/new/choose]
  ignore line: [Thread model: posix]
  ignore line: [Supported LTO compression algorithms: zlib]
  ignore line: [gcc version 12.2.0 (conda-forge gcc 12.2.0-19) ]
  ignore line: [COMPILER_PATH=/dssg/home/cln04/01.software/miniconda3/bin/../libexec/gcc/x86_64-conda-linux-gnu/12.2.0/:/dssg/home/cln04/01.software/miniconda3/bin/../libexec/gcc/:/dssg/home/cln04/01.software/miniconda3/bin/../lib/gcc/x86_64-conda-linux-gnu/12.2.0/../../../../x86_64-conda-linux-gnu/bin/]
  ignore line: [LIBRARY_PATH=/dssg/home/cln04/01.software/miniconda3/bin/../lib/gcc/x86_64-conda-linux-gnu/12.2.0/:/dssg/home/cln04/01.software/miniconda3/bin/../lib/gcc/:/dssg/home/cln04/01.software/miniconda3/bin/../lib/gcc/x86_64-conda-linux-gnu/12.2.0/../../../../x86_64-conda-linux-gnu/lib/../lib/:/dssg/home/cln04/01.software/miniconda3/bin/../lib/gcc/x86_64-conda-linux-gnu/12.2.0/../../../../lib/:/dssg/home/cln04/01.software/miniconda3/bin/../x86_64-conda-linux-gnu/sysroot/lib/../lib/:/dssg/home/cln04/01.software/miniconda3/bin/../x86_64-conda-linux-gnu/sysroot/usr/lib/../lib/:/dssg/home/cln04/01.software/miniconda3/bin/../lib/gcc/x86_64-conda-linux-gnu/12.2.0/../../../../x86_64-conda-linux-gnu/lib/:/dssg/home/cln04/01.software/miniconda3/bin/../lib/gcc/x86_64-conda-linux-gnu/12.2.0/../../../:/dssg/home/cln04/01.software/miniconda3/bin/../x86_64-conda-linux-gnu/sysroot/lib/:/dssg/home/cln04/01.software/miniconda3/bin/../x86_64-conda-linux-gnu/sysroot/usr/lib/]
  ignore line: [COLLECT_GCC_OPTIONS='-fvisibility-inlines-hidden' '-fmessage-length=0' '-march=nocona' '-mtune=haswell' '-ftree-vectorize' '-fPIC' '-fstack-protector-strong' '-fno-plt' '-O2' '-ffunction-sections' '-pipe' '-isystem' '/dssg/home/cln04/01.software/miniconda3/include' '-L/dssg/home/cln04/01.software/miniconda3/lib' '-v' '-o' 'cmTC_279ce' '-shared-libgcc' '-dumpdir' 'cmTC_279ce.']
  link line: [ /dssg/home/cln04/01.software/miniconda3/bin/../libexec/gcc/x86_64-conda-linux-gnu/12.2.0/collect2 -plugin /dssg/home/cln04/01.software/miniconda3/bin/../libexec/gcc/x86_64-conda-linux-gnu/12.2.0/liblto_plugin.so -plugin-opt=/dssg/home/cln04/01.software/miniconda3/bin/../libexec/gcc/x86_64-conda-linux-gnu/12.2.0/lto-wrapper -plugin-opt=-fresolution=/tmp/ccfTueHj.res -plugin-opt=-pass-through=-lgcc_s -plugin-opt=-pass-through=-lgcc -plugin-opt=-pass-through=-lc -plugin-opt=-pass-through=-lgcc_s -plugin-opt=-pass-through=-lgcc --sysroot=/dssg/home/cln04/01.software/miniconda3/bin/../x86_64-conda-linux-gnu/sysroot --eh-frame-hdr -m elf_x86_64 -dynamic-linker /lib64/ld-linux-x86-64.so.2 -pie -o cmTC_279ce /dssg/home/cln04/01.software/miniconda3/bin/../x86_64-conda-linux-gnu/sysroot/usr/lib/../lib/Scrt1.o /dssg/home/cln04/01.software/miniconda3/bin/../x86_64-conda-linux-gnu/sysroot/usr/lib/../lib/crti.o /dssg/home/cln04/01.software/miniconda3/bin/../lib/gcc/x86_64-conda-linux-gnu/12.2.0/crtbeginS.o -L/dssg/home/cln04/01.software/miniconda3/lib -L/dssg/home/cln04/01.software/miniconda3/bin/../lib/gcc/x86_64-conda-linux-gnu/12.2.0 -L/dssg/home/cln04/01.software/miniconda3/bin/../lib/gcc -L/dssg/home/cln04/01.software/miniconda3/bin/../lib/gcc/x86_64-conda-linux-gnu/12.2.0/../../../../x86_64-conda-linux-gnu/lib/../lib -L/dssg/home/cln04/01.software/miniconda3/bin/../lib/gcc/x86_64-conda-linux-gnu/12.2.0/../../../../lib -L/dssg/home/cln04/01.software/miniconda3/bin/../x86_64-conda-linux-gnu/sysroot/lib/../lib -L/dssg/home/cln04/01.software/miniconda3/bin/../x86_64-conda-linux-gnu/sysroot/usr/lib/../lib -L/dssg/home/cln04/01.software/miniconda3/bin/../lib/gcc/x86_64-conda-linux-gnu/12.2.0/../../../../x86_64-conda-linux-gnu/lib -L/dssg/home/cln04/01.software/miniconda3/bin/../lib/gcc/x86_64-conda-linux-gnu/12.2.0/../../.. -L/dssg/home/cln04/01.software/miniconda3/bin/../x86_64-conda-linux-gnu/sysroot/lib -L/dssg/home/cln04/01.software/miniconda3/bin/../x86_64-conda-linux-gnu/sysroot/usr/lib -O2 --sort-common --as-needed -z relro -z now --disable-new-dtags --gc-sections --allow-shlib-undefined -rpath /dssg/home/cln04/01.software/miniconda3/lib -rpath-link /dssg/home/cln04/01.software/miniconda3/lib CMakeFiles/cmTC_279ce.dir/CMakeCXXCompilerABI.cpp.o -lstdc++ -lm -lgcc_s -lgcc -lc -lgcc_s -lgcc /dssg/home/cln04/01.software/miniconda3/bin/../lib/gcc/x86_64-conda-linux-gnu/12.2.0/crtendS.o /dssg/home/cln04/01.software/miniconda3/bin/../x86_64-conda-linux-gnu/sysroot/usr/lib/../lib/crtn.o -rpath /dssg/home/cln04/01.software/miniconda3/lib]
    arg [/dssg/home/cln04/01.software/miniconda3/bin/../libexec/gcc/x86_64-conda-linux-gnu/12.2.0/collect2] ==> ignore
    arg [-plugin] ==> ignore
    arg [/dssg/home/cln04/01.software/miniconda3/bin/../libexec/gcc/x86_64-conda-linux-gnu/12.2.0/liblto_plugin.so] ==> ignore
    arg [-plugin-opt=/dssg/home/cln04/01.software/miniconda3/bin/../libexec/gcc/x86_64-conda-linux-gnu/12.2.0/lto-wrapper] ==> ignore
    arg [-plugin-opt=-fresolution=/tmp/ccfTueHj.res] ==> ignore
    arg [-plugin-opt=-pass-through=-lgcc_s] ==> ignore
    arg [-plugin-opt=-pass-through=-lgcc] ==> ignore
    arg [-plugin-opt=-pass-through=-lc] ==> ignore
    arg [-plugin-opt=-pass-through=-lgcc_s] ==> ignore
    arg [-plugin-opt=-pass-through=-lgcc] ==> ignore
    arg [--sysroot=/dssg/home/cln04/01.software/miniconda3/bin/../x86_64-conda-linux-gnu/sysroot] ==> ignore
    arg [--eh-frame-hdr] ==> ignore
    arg [-m] ==> ignore
    arg [elf_x86_64] ==> ignore
    arg [-dynamic-linker] ==> ignore
    arg [/lib64/ld-linux-x86-64.so.2] ==> ignore
    arg [-pie] ==> ignore
    arg [-o] ==> ignore
    arg [cmTC_279ce] ==> ignore
    arg [/dssg/home/cln04/01.software/miniconda3/bin/../x86_64-conda-linux-gnu/sysroot/usr/lib/../lib/Scrt1.o] ==> obj [/dssg/home/cln04/01.software/miniconda3/bin/../x86_64-conda-linux-gnu/sysroot/usr/lib/../lib/Scrt1.o]
    arg [/dssg/home/cln04/01.software/miniconda3/bin/../x86_64-conda-linux-gnu/sysroot/usr/lib/../lib/crti.o] ==> obj [/dssg/home/cln04/01.software/miniconda3/bin/../x86_64-conda-linux-gnu/sysroot/usr/lib/../lib/crti.o]
    arg [/dssg/home/cln04/01.software/miniconda3/bin/../lib/gcc/x86_64-conda-linux-gnu/12.2.0/crtbeginS.o] ==> obj [/dssg/home/cln04/01.software/miniconda3/bin/../lib/gcc/x86_64-conda-linux-gnu/12.2.0/crtbeginS.o]
    arg [-L/dssg/home/cln04/01.software/miniconda3/lib] ==> dir [/dssg/home/cln04/01.software/miniconda3/lib]
    arg [-L/dssg/home/cln04/01.software/miniconda3/bin/../lib/gcc/x86_64-conda-linux-gnu/12.2.0] ==> dir [/dssg/home/cln04/01.software/miniconda3/bin/../lib/gcc/x86_64-conda-linux-gnu/12.2.0]
    arg [-L/dssg/home/cln04/01.software/miniconda3/bin/../lib/gcc] ==> dir [/dssg/home/cln04/01.software/miniconda3/bin/../lib/gcc]
    arg [-L/dssg/home/cln04/01.software/miniconda3/bin/../lib/gcc/x86_64-conda-linux-gnu/12.2.0/../../../../x86_64-conda-linux-gnu/lib/../lib] ==> dir [/dssg/home/cln04/01.software/miniconda3/bin/../lib/gcc/x86_64-conda-linux-gnu/12.2.0/../../../../x86_64-conda-linux-gnu/lib/../lib]
    arg [-L/dssg/home/cln04/01.software/miniconda3/bin/../lib/gcc/x86_64-conda-linux-gnu/12.2.0/../../../../lib] ==> dir [/dssg/home/cln04/01.software/miniconda3/bin/../lib/gcc/x86_64-conda-linux-gnu/12.2.0/../../../../lib]
    arg [-L/dssg/home/cln04/01.software/miniconda3/bin/../x86_64-conda-linux-gnu/sysroot/lib/../lib] ==> dir [/dssg/home/cln04/01.software/miniconda3/bin/../x86_64-conda-linux-gnu/sysroot/lib/../lib]
    arg [-L/dssg/home/cln04/01.software/miniconda3/bin/../x86_64-conda-linux-gnu/sysroot/usr/lib/../lib] ==> dir [/dssg/home/cln04/01.software/miniconda3/bin/../x86_64-conda-linux-gnu/sysroot/usr/lib/../lib]
    arg [-L/dssg/home/cln04/01.software/miniconda3/bin/../lib/gcc/x86_64-conda-linux-gnu/12.2.0/../../../../x86_64-conda-linux-gnu/lib] ==> dir [/dssg/home/cln04/01.software/miniconda3/bin/../lib/gcc/x86_64-conda-linux-gnu/12.2.0/../../../../x86_64-conda-linux-gnu/lib]
    arg [-L/dssg/home/cln04/01.software/miniconda3/bin/../lib/gcc/x86_64-conda-linux-gnu/12.2.0/../../..] ==> dir [/dssg/home/cln04/01.software/miniconda3/bin/../lib/gcc/x86_64-conda-linux-gnu/12.2.0/../../..]
    arg [-L/dssg/home/cln04/01.software/miniconda3/bin/../x86_64-conda-linux-gnu/sysroot/lib] ==> dir [/dssg/home/cln04/01.software/miniconda3/bin/../x86_64-conda-linux-gnu/sysroot/lib]
    arg [-L/dssg/home/cln04/01.software/miniconda3/bin/../x86_64-conda-linux-gnu/sysroot/usr/lib] ==> dir [/dssg/home/cln04/01.software/miniconda3/bin/../x86_64-conda-linux-gnu/sysroot/usr/lib]
    arg [-O2] ==> ignore
    arg [--sort-common] ==> ignore
    arg [--as-needed] ==> ignore
    arg [-zrelro] ==> ignore
    arg [-znow] ==> ignore
    arg [--disable-new-dtags] ==> ignore
    arg [--gc-sections] ==> ignore
    arg [--allow-shlib-undefined] ==> ignore
    arg [-rpath] ==> ignore
    arg [/dssg/home/cln04/01.software/miniconda3/lib] ==> ignore
    arg [-rpath-link] ==> ignore
    arg [/dssg/home/cln04/01.software/miniconda3/lib] ==> ignore
    arg [CMakeFiles/cmTC_279ce.dir/CMakeCXXCompilerABI.cpp.o] ==> ignore
    arg [-lstdc++] ==> lib [stdc++]
    arg [-lm] ==> lib [m]
    arg [-lgcc_s] ==> lib [gcc_s]
    arg [-lgcc] ==> lib [gcc]
    arg [-lc] ==> lib [c]
    arg [-lgcc_s] ==> lib [gcc_s]
    arg [-lgcc] ==> lib [gcc]
    arg [/dssg/home/cln04/01.software/miniconda3/bin/../lib/gcc/x86_64-conda-linux-gnu/12.2.0/crtendS.o] ==> obj [/dssg/home/cln04/01.software/miniconda3/bin/../lib/gcc/x86_64-conda-linux-gnu/12.2.0/crtendS.o]
    arg [/dssg/home/cln04/01.software/miniconda3/bin/../x86_64-conda-linux-gnu/sysroot/usr/lib/../lib/crtn.o] ==> obj [/dssg/home/cln04/01.software/miniconda3/bin/../x86_64-conda-linux-gnu/sysroot/usr/lib/../lib/crtn.o]
    arg [-rpath] ==> ignore
    arg [/dssg/home/cln04/01.software/miniconda3/lib] ==> ignore
  collapse obj [/dssg/home/cln04/01.software/miniconda3/bin/../x86_64-conda-linux-gnu/sysroot/usr/lib/../lib/Scrt1.o] ==> [/dssg/home/cln04/01.software/miniconda3/x86_64-conda-linux-gnu/sysroot/usr/lib/Scrt1.o]
  collapse obj [/dssg/home/cln04/01.software/miniconda3/bin/../x86_64-conda-linux-gnu/sysroot/usr/lib/../lib/crti.o] ==> [/dssg/home/cln04/01.software/miniconda3/x86_64-conda-linux-gnu/sysroot/usr/lib/crti.o]
  collapse obj [/dssg/home/cln04/01.software/miniconda3/bin/../lib/gcc/x86_64-conda-linux-gnu/12.2.0/crtbeginS.o] ==> [/dssg/home/cln04/01.software/miniconda3/lib/gcc/x86_64-conda-linux-gnu/12.2.0/crtbeginS.o]
  collapse obj [/dssg/home/cln04/01.software/miniconda3/bin/../lib/gcc/x86_64-conda-linux-gnu/12.2.0/crtendS.o] ==> [/dssg/home/cln04/01.software/miniconda3/lib/gcc/x86_64-conda-linux-gnu/12.2.0/crtendS.o]
  collapse obj [/dssg/home/cln04/01.software/miniconda3/bin/../x86_64-conda-linux-gnu/sysroot/usr/lib/../lib/crtn.o] ==> [/dssg/home/cln04/01.software/miniconda3/x86_64-conda-linux-gnu/sysroot/usr/lib/crtn.o]
  collapse library dir [/dssg/home/cln04/01.software/miniconda3/lib] ==> [/dssg/home/cln04/01.software/miniconda3/lib]
  collapse library dir [/dssg/home/cln04/01.software/miniconda3/bin/../lib/gcc/x86_64-conda-linux-gnu/12.2.0] ==> [/dssg/home/cln04/01.software/miniconda3/lib/gcc/x86_64-conda-linux-gnu/12.2.0]
  collapse library dir [/dssg/home/cln04/01.software/miniconda3/bin/../lib/gcc] ==> [/dssg/home/cln04/01.software/miniconda3/lib/gcc]
  collapse library dir [/dssg/home/cln04/01.software/miniconda3/bin/../lib/gcc/x86_64-conda-linux-gnu/12.2.0/../../../../x86_64-conda-linux-gnu/lib/../lib] ==> [/dssg/home/cln04/01.software/miniconda3/x86_64-conda-linux-gnu/lib]
  collapse library dir [/dssg/home/cln04/01.software/miniconda3/bin/../lib/gcc/x86_64-conda-linux-gnu/12.2.0/../../../../lib] ==> [/dssg/home/cln04/01.software/miniconda3/lib]
  collapse library dir [/dssg/home/cln04/01.software/miniconda3/bin/../x86_64-conda-linux-gnu/sysroot/lib/../lib] ==> [/dssg/home/cln04/01.software/miniconda3/x86_64-conda-linux-gnu/sysroot/lib]
  collapse library dir [/dssg/home/cln04/01.software/miniconda3/bin/../x86_64-conda-linux-gnu/sysroot/usr/lib/../lib] ==> [/dssg/home/cln04/01.software/miniconda3/x86_64-conda-linux-gnu/sysroot/usr/lib]
  collapse library dir [/dssg/home/cln04/01.software/miniconda3/bin/../lib/gcc/x86_64-conda-linux-gnu/12.2.0/../../../../x86_64-conda-linux-gnu/lib] ==> [/dssg/home/cln04/01.software/miniconda3/x86_64-conda-linux-gnu/lib]
  collapse library dir [/dssg/home/cln04/01.software/miniconda3/bin/../lib/gcc/x86_64-conda-linux-gnu/12.2.0/../../..] ==> [/dssg/home/cln04/01.software/miniconda3/lib]
  collapse library dir [/dssg/home/cln04/01.software/miniconda3/bin/../x86_64-conda-linux-gnu/sysroot/lib] ==> [/dssg/home/cln04/01.software/miniconda3/x86_64-conda-linux-gnu/sysroot/lib]
  collapse library dir [/dssg/home/cln04/01.software/miniconda3/bin/../x86_64-conda-linux-gnu/sysroot/usr/lib] ==> [/dssg/home/cln04/01.software/miniconda3/x86_64-conda-linux-gnu/sysroot/usr/lib]
  implicit libs: [stdc++;m;gcc_s;gcc;c;gcc_s;gcc]
  implicit objs: [/dssg/home/cln04/01.software/miniconda3/x86_64-conda-linux-gnu/sysroot/usr/lib/Scrt1.o;/dssg/home/cln04/01.software/miniconda3/x86_64-conda-linux-gnu/sysroot/usr/lib/crti.o;/dssg/home/cln04/01.software/miniconda3/lib/gcc/x86_64-conda-linux-gnu/12.2.0/crtbeginS.o;/dssg/home/cln04/01.software/miniconda3/lib/gcc/x86_64-conda-linux-gnu/12.2.0/crtendS.o;/dssg/home/cln04/01.software/miniconda3/x86_64-conda-linux-gnu/sysroot/usr/lib/crtn.o]
  implicit dirs: [/dssg/home/cln04/01.software/miniconda3/lib;/dssg/home/cln04/01.software/miniconda3/lib/gcc/x86_64-conda-linux-gnu/12.2.0;/dssg/home/cln04/01.software/miniconda3/lib/gcc;/dssg/home/cln04/01.software/miniconda3/x86_64-conda-linux-gnu/lib;/dssg/home/cln04/01.software/miniconda3/x86_64-conda-linux-gnu/sysroot/lib;/dssg/home/cln04/01.software/miniconda3/x86_64-conda-linux-gnu/sysroot/usr/lib]
  implicit fwks: []


